mode: set
github.com/aidenwallis/go-twitch-irc/client.go:107.48,122.2 1 1
github.com/aidenwallis/go-twitch-irc/client.go:125.74,127.2 1 1
github.com/aidenwallis/go-twitch-irc/client.go:130.90,132.2 1 1
github.com/aidenwallis/go-twitch-irc/client.go:135.45,137.2 1 1
github.com/aidenwallis/go-twitch-irc/client.go:140.99,142.2 1 1
github.com/aidenwallis/go-twitch-irc/client.go:145.99,147.2 1 1
github.com/aidenwallis/go-twitch-irc/client.go:150.100,152.2 1 1
github.com/aidenwallis/go-twitch-irc/client.go:155.96,157.2 1 1
github.com/aidenwallis/go-twitch-irc/client.go:160.99,162.2 1 1
github.com/aidenwallis/go-twitch-irc/client.go:165.66,167.2 1 1
github.com/aidenwallis/go-twitch-irc/client.go:170.66,172.2 1 1
github.com/aidenwallis/go-twitch-irc/client.go:175.70,177.2 1 1
github.com/aidenwallis/go-twitch-irc/client.go:180.44,184.2 2 1
github.com/aidenwallis/go-twitch-irc/client.go:190.49,192.2 1 1
github.com/aidenwallis/go-twitch-irc/client.go:195.39,201.48 3 1
github.com/aidenwallis/go-twitch-irc/client.go:205.2,207.24 3 1
github.com/aidenwallis/go-twitch-irc/client.go:201.48,203.3 1 1
github.com/aidenwallis/go-twitch-irc/client.go:211.41,212.24 1 1
github.com/aidenwallis/go-twitch-irc/client.go:216.2,219.24 4 1
github.com/aidenwallis/go-twitch-irc/client.go:212.24,214.3 1 1
github.com/aidenwallis/go-twitch-irc/client.go:223.37,226.25 3 1
github.com/aidenwallis/go-twitch-irc/client.go:229.2,229.42 1 1
github.com/aidenwallis/go-twitch-irc/client.go:226.25,228.3 1 1
github.com/aidenwallis/go-twitch-irc/client.go:233.34,234.33 1 1
github.com/aidenwallis/go-twitch-irc/client.go:240.2,248.51 4 1
github.com/aidenwallis/go-twitch-irc/client.go:255.2,255.6 1 1
github.com/aidenwallis/go-twitch-irc/client.go:234.33,236.3 1 1
github.com/aidenwallis/go-twitch-irc/client.go:236.8,236.41 1 1
github.com/aidenwallis/go-twitch-irc/client.go:236.41,238.3 1 1
github.com/aidenwallis/go-twitch-irc/client.go:248.51,252.3 1 1
github.com/aidenwallis/go-twitch-irc/client.go:252.8,254.3 1 1
github.com/aidenwallis/go-twitch-irc/client.go:255.6,256.27 1 1
github.com/aidenwallis/go-twitch-irc/client.go:260.3,261.12 2 1
github.com/aidenwallis/go-twitch-irc/client.go:266.3,266.17 1 1
github.com/aidenwallis/go-twitch-irc/client.go:270.3,273.17 3 1
github.com/aidenwallis/go-twitch-irc/client.go:256.27,258.4 1 1
github.com/aidenwallis/go-twitch-irc/client.go:261.12,263.4 1 1
github.com/aidenwallis/go-twitch-irc/client.go:263.9,265.4 1 1
github.com/aidenwallis/go-twitch-irc/client.go:266.17,268.4 1 1
github.com/aidenwallis/go-twitch-irc/client.go:273.17,274.43 1 1
github.com/aidenwallis/go-twitch-irc/client.go:277.4,278.12 2 1
github.com/aidenwallis/go-twitch-irc/client.go:274.43,276.5 1 1
github.com/aidenwallis/go-twitch-irc/client.go:284.61,286.27 2 1
github.com/aidenwallis/go-twitch-irc/client.go:289.2,292.27 3 1
github.com/aidenwallis/go-twitch-irc/client.go:297.2,297.22 1 1
github.com/aidenwallis/go-twitch-irc/client.go:286.27,288.3 1 1
github.com/aidenwallis/go-twitch-irc/client.go:292.27,295.3 2 1
github.com/aidenwallis/go-twitch-irc/client.go:302.47,304.2 1 1
github.com/aidenwallis/go-twitch-irc/client.go:306.54,309.6 3 1
github.com/aidenwallis/go-twitch-irc/client.go:309.6,311.17 2 1
github.com/aidenwallis/go-twitch-irc/client.go:314.3,315.32 2 1
github.com/aidenwallis/go-twitch-irc/client.go:311.17,313.4 1 1
github.com/aidenwallis/go-twitch-irc/client.go:315.32,316.74 1 1
github.com/aidenwallis/go-twitch-irc/client.go:326.4,326.43 1 1
github.com/aidenwallis/go-twitch-irc/client.go:316.74,319.27 3 1
github.com/aidenwallis/go-twitch-irc/client.go:322.5,322.46 1 1
github.com/aidenwallis/go-twitch-irc/client.go:319.27,321.6 1 1
github.com/aidenwallis/go-twitch-irc/client.go:322.46,324.6 1 1
github.com/aidenwallis/go-twitch-irc/client.go:326.43,328.5 1 1
github.com/aidenwallis/go-twitch-irc/client.go:333.32,335.15 2 1
github.com/aidenwallis/go-twitch-irc/client.go:339.2,339.25 1 1
github.com/aidenwallis/go-twitch-irc/client.go:335.15,337.3 1 1
github.com/aidenwallis/go-twitch-irc/client.go:339.25,340.10 1 1
github.com/aidenwallis/go-twitch-irc/client.go:341.28,343.12 1 1
github.com/aidenwallis/go-twitch-irc/client.go:345.41,347.27 1 1
github.com/aidenwallis/go-twitch-irc/client.go:351.4,351.28 1 1
github.com/aidenwallis/go-twitch-irc/client.go:355.4,355.11 1 1
github.com/aidenwallis/go-twitch-irc/client.go:347.27,348.13 1 1
github.com/aidenwallis/go-twitch-irc/client.go:351.28,352.13 1 1
github.com/aidenwallis/go-twitch-irc/client.go:356.26,358.13 1 1
github.com/aidenwallis/go-twitch-irc/client.go:360.37,362.50 1 1
github.com/aidenwallis/go-twitch-irc/client.go:362.50,364.6 1 1
github.com/aidenwallis/go-twitch-irc/client.go:370.36,371.22 1 1
github.com/aidenwallis/go-twitch-irc/client.go:374.2,378.65 5 1
github.com/aidenwallis/go-twitch-irc/client.go:371.22,373.3 1 1
github.com/aidenwallis/go-twitch-irc/client.go:381.33,384.34 2 1
github.com/aidenwallis/go-twitch-irc/client.go:387.2,387.25 1 1
github.com/aidenwallis/go-twitch-irc/client.go:384.34,386.3 1 1
github.com/aidenwallis/go-twitch-irc/client.go:390.41,391.28 1 1
github.com/aidenwallis/go-twitch-irc/client.go:400.2,400.14 1 1
github.com/aidenwallis/go-twitch-irc/client.go:391.28,392.26 1 1
github.com/aidenwallis/go-twitch-irc/client.go:396.3,397.20 2 1
github.com/aidenwallis/go-twitch-irc/client.go:392.26,394.12 2 1
github.com/aidenwallis/go-twitch-irc/client.go:405.48,406.12 1 1
github.com/aidenwallis/go-twitch-irc/client.go:415.2,415.37 1 1
github.com/aidenwallis/go-twitch-irc/client.go:422.2,422.33 1 1
github.com/aidenwallis/go-twitch-irc/client.go:434.2,434.34 1 1
github.com/aidenwallis/go-twitch-irc/client.go:475.2,475.34 1 1
github.com/aidenwallis/go-twitch-irc/client.go:519.2,519.12 1 1
github.com/aidenwallis/go-twitch-irc/client.go:406.12,408.10 1 1
github.com/aidenwallis/go-twitch-irc/client.go:409.34,409.34 0 1
github.com/aidenwallis/go-twitch-irc/client.go:410.11,410.11 0 1
github.com/aidenwallis/go-twitch-irc/client.go:415.37,419.3 2 1
github.com/aidenwallis/go-twitch-irc/client.go:422.33,424.13 1 1
github.com/aidenwallis/go-twitch-irc/client.go:431.3,431.13 1 1
github.com/aidenwallis/go-twitch-irc/client.go:424.13,425.11 1 1
github.com/aidenwallis/go-twitch-irc/client.go:426.32,426.32 0 1
github.com/aidenwallis/go-twitch-irc/client.go:427.12,427.12 0 0
github.com/aidenwallis/go-twitch-irc/client.go:434.34,437.29 2 1
github.com/aidenwallis/go-twitch-irc/client.go:472.3,472.13 1 1
github.com/aidenwallis/go-twitch-irc/client.go:438.16,439.29 1 1
github.com/aidenwallis/go-twitch-irc/client.go:442.16,443.29 1 1
github.com/aidenwallis/go-twitch-irc/client.go:446.18,447.38 1 1
github.com/aidenwallis/go-twitch-irc/client.go:450.18,451.38 1 1
github.com/aidenwallis/go-twitch-irc/client.go:454.19,455.39 1 1
github.com/aidenwallis/go-twitch-irc/client.go:458.15,459.35 1 1
github.com/aidenwallis/go-twitch-irc/client.go:462.18,463.38 1 1
github.com/aidenwallis/go-twitch-irc/client.go:466.14,467.34 1 1
github.com/aidenwallis/go-twitch-irc/client.go:439.29,441.5 1 1
github.com/aidenwallis/go-twitch-irc/client.go:443.29,445.5 1 1
github.com/aidenwallis/go-twitch-irc/client.go:447.38,449.5 1 1
github.com/aidenwallis/go-twitch-irc/client.go:451.38,453.5 1 1
github.com/aidenwallis/go-twitch-irc/client.go:455.39,457.5 1 1
github.com/aidenwallis/go-twitch-irc/client.go:459.35,461.5 1 1
github.com/aidenwallis/go-twitch-irc/client.go:463.38,465.5 1 1
github.com/aidenwallis/go-twitch-irc/client.go:467.34,469.5 1 1
github.com/aidenwallis/go-twitch-irc/client.go:475.34,476.51 1 1
github.com/aidenwallis/go-twitch-irc/client.go:492.3,492.51 1 1
github.com/aidenwallis/go-twitch-irc/client.go:501.3,501.56 1 1
github.com/aidenwallis/go-twitch-irc/client.go:505.3,505.47 1 1
github.com/aidenwallis/go-twitch-irc/client.go:512.3,514.52 1 1
github.com/aidenwallis/go-twitch-irc/client.go:476.51,479.41 2 1
github.com/aidenwallis/go-twitch-irc/client.go:483.4,484.36 2 1
github.com/aidenwallis/go-twitch-irc/client.go:488.4,488.27 1 1
github.com/aidenwallis/go-twitch-irc/client.go:479.41,481.5 1 1
github.com/aidenwallis/go-twitch-irc/client.go:484.36,486.5 1 1
github.com/aidenwallis/go-twitch-irc/client.go:488.27,490.5 1 1
github.com/aidenwallis/go-twitch-irc/client.go:492.51,497.27 3 1
github.com/aidenwallis/go-twitch-irc/client.go:497.27,499.5 1 1
github.com/aidenwallis/go-twitch-irc/client.go:501.56,504.4 1 1
github.com/aidenwallis/go-twitch-irc/client.go:505.47,508.31 2 1
github.com/aidenwallis/go-twitch-irc/client.go:508.31,510.5 1 1
github.com/aidenwallis/go-twitch-irc/client.go:514.52,516.4 1 1
github.com/aidenwallis/go-twitch-irc/client.go:523.58,549.2 5 1
github.com/aidenwallis/go-twitch-irc/client.go:554.37,556.11 2 1
github.com/aidenwallis/go-twitch-irc/client.go:559.2,559.40 1 1
github.com/aidenwallis/go-twitch-irc/client.go:556.11,558.3 1 1
github.com/aidenwallis/go-twitch-irc/client.go:562.32,563.38 1 1
github.com/aidenwallis/go-twitch-irc/client.go:566.2,566.14 1 1
github.com/aidenwallis/go-twitch-irc/client.go:563.38,565.3 1 1
github.com/aidenwallis/go-twitch-irc/message.go:57.41,58.35 1 1
github.com/aidenwallis/go-twitch-irc/message.go:65.2,66.18 2 1
github.com/aidenwallis/go-twitch-irc/message.go:69.2,71.83 3 1
github.com/aidenwallis/go-twitch-irc/message.go:75.2,83.27 4 1
github.com/aidenwallis/go-twitch-irc/message.go:89.2,90.12 2 1
github.com/aidenwallis/go-twitch-irc/message.go:58.35,64.3 1 1
github.com/aidenwallis/go-twitch-irc/message.go:66.18,68.3 1 1
github.com/aidenwallis/go-twitch-irc/message.go:71.83,74.3 2 1
github.com/aidenwallis/go-twitch-irc/message.go:83.27,88.3 3 1
github.com/aidenwallis/go-twitch-irc/message.go:93.46,104.64 6 1
github.com/aidenwallis/go-twitch-irc/message.go:109.2,111.27 3 1
github.com/aidenwallis/go-twitch-irc/message.go:122.2,122.27 1 1
github.com/aidenwallis/go-twitch-irc/message.go:125.2,125.12 1 1
github.com/aidenwallis/go-twitch-irc/message.go:104.64,107.3 1 1
github.com/aidenwallis/go-twitch-irc/message.go:111.27,115.24 3 1
github.com/aidenwallis/go-twitch-irc/message.go:119.3,119.32 1 1
github.com/aidenwallis/go-twitch-irc/message.go:115.24,117.4 1 1
github.com/aidenwallis/go-twitch-irc/message.go:122.27,124.3 1 1
github.com/aidenwallis/go-twitch-irc/message.go:128.55,129.21 1 1
github.com/aidenwallis/go-twitch-irc/message.go:130.17,131.17 1 1
github.com/aidenwallis/go-twitch-irc/message.go:132.17,133.17 1 1
github.com/aidenwallis/go-twitch-irc/message.go:134.19,135.19 1 1
github.com/aidenwallis/go-twitch-irc/message.go:136.16,137.16 1 1
github.com/aidenwallis/go-twitch-irc/message.go:138.19,139.19 1 1
github.com/aidenwallis/go-twitch-irc/message.go:140.19,141.19 1 1
github.com/aidenwallis/go-twitch-irc/message.go:142.20,143.20 1 1
github.com/aidenwallis/go-twitch-irc/message.go:144.10,145.15 1 1
github.com/aidenwallis/go-twitch-irc/message.go:149.63,154.27 4 1
github.com/aidenwallis/go-twitch-irc/message.go:160.2,161.27 2 1
github.com/aidenwallis/go-twitch-irc/message.go:172.2,172.27 1 1
github.com/aidenwallis/go-twitch-irc/message.go:178.2,178.35 1 1
github.com/aidenwallis/go-twitch-irc/message.go:154.27,155.15 1 1
github.com/aidenwallis/go-twitch-irc/message.go:155.15,158.4 2 1
github.com/aidenwallis/go-twitch-irc/message.go:161.27,162.15 1 1
github.com/aidenwallis/go-twitch-irc/message.go:162.15,163.19 1 1
github.com/aidenwallis/go-twitch-irc/message.go:163.19,165.5 1 1
github.com/aidenwallis/go-twitch-irc/message.go:165.10,169.5 3 1
github.com/aidenwallis/go-twitch-irc/message.go:172.27,173.15 1 1
github.com/aidenwallis/go-twitch-irc/message.go:173.15,175.4 1 1
github.com/aidenwallis/go-twitch-irc/message.go:181.46,183.27 2 1
github.com/aidenwallis/go-twitch-irc/message.go:183.27,188.17 5 1
github.com/aidenwallis/go-twitch-irc/message.go:211.3,211.27 1 1
github.com/aidenwallis/go-twitch-irc/message.go:189.17,190.35 1 1
github.com/aidenwallis/go-twitch-irc/message.go:191.16,192.21 1 1
github.com/aidenwallis/go-twitch-irc/message.go:193.23,194.27 1 1
github.com/aidenwallis/go-twitch-irc/message.go:195.17,196.51 1 1
github.com/aidenwallis/go-twitch-irc/message.go:197.20,198.24 1 1
github.com/aidenwallis/go-twitch-irc/message.go:199.22,201.18 2 1
github.com/aidenwallis/go-twitch-irc/message.go:204.18,205.25 1 1
github.com/aidenwallis/go-twitch-irc/message.go:206.25,207.22 1 1
github.com/aidenwallis/go-twitch-irc/message.go:208.18,209.22 1 1
github.com/aidenwallis/go-twitch-irc/message.go:201.18,203.5 1 1
github.com/aidenwallis/go-twitch-irc/message.go:215.48,218.28 3 1
github.com/aidenwallis/go-twitch-irc/message.go:226.2,226.10 1 1
github.com/aidenwallis/go-twitch-irc/message.go:218.28,220.17 2 1
github.com/aidenwallis/go-twitch-irc/message.go:223.3,224.14 2 1
github.com/aidenwallis/go-twitch-irc/message.go:220.17,221.12 1 1
github.com/aidenwallis/go-twitch-irc/message.go:229.56,232.20 2 1
github.com/aidenwallis/go-twitch-irc/message.go:236.2,239.28 3 1
github.com/aidenwallis/go-twitch-irc/message.go:254.2,254.15 1 1
github.com/aidenwallis/go-twitch-irc/message.go:232.20,234.3 1 1
github.com/aidenwallis/go-twitch-irc/message.go:239.28,253.3 8 1
github.com/aidenwallis/go-twitch-irc/message.go:257.50,261.2 3 1
github.com/aidenwallis/go-twitch-irc/message.go:263.49,270.2 5 1
